-------------------------------------------------------------------------------
Test set: cache.CacheTest
-------------------------------------------------------------------------------
Tests run: 2, Failures: 1, Errors: 0, Skipped: 0, Time elapsed: 0.136 s <<< FAILURE! - in cache.CacheTest
cache.CacheTest.testConcurrency  Time elapsed: 0.089 s  <<< FAILURE!
org.opentest4j.AssertionFailedError: Expected 100000 operations, but got 94692 ==> expected: <100000> but was: <94692>
	at cache.CacheTest.testConcurrency(CacheTest.java:54)

