-------------------------------------------------------------------------------
Test set: cache.CacheTest
-------------------------------------------------------------------------------
Tests run: 2, Failures: 1, Errors: 0, Skipped: 0, Time elapsed: 0.082 s <<< FAILURE! - in cache.CacheTest
cache.CacheTest.testConcurrency  Time elapsed: 0.039 s  <<< FAILURE!
org.opentest4j.AssertionFailedError: expected: <100000> but was: <35975>
	at cache.CacheTest.testConcurrency(CacheTest.java:49)

